{"C:\\Users\\Administrator\\WebstormProjects\\oopjshw1\\src\\js\\Bowman.js": {"path":"C:\\Users\\Administrator\\WebstormProjects\\oopjshw1\\src\\js\\Bowman.js","statementMap":{"0":{"start":{"line":5,"column":8},"end":{"line":5,"column":23}},"1":{"start":{"line":6,"column":8},"end":{"line":6,"column":25}},"2":{"start":{"line":7,"column":8},"end":{"line":7,"column":26}}},"fnMap":{"0":{"name":"(anonymous_0)","decl":{"start":{"line":4,"column":4},"end":{"line":4,"column":5}},"loc":{"start":{"line":4,"column":25},"end":{"line":8,"column":5}},"line":4}},"branchMap":{},"s":{"0":1,"1":1,"2":1},"f":{"0":1},"b":{},"_coverageSchema":"1a1c01bbd47fc00a2c39e90264f33305004495a9","hash":"46550ea8bc6098ad86e7c0bc6d2f37e148c02106"}
,"C:\\Users\\Administrator\\WebstormProjects\\oopjshw1\\src\\js\\Character.js": {"path":"C:\\Users\\Administrator\\WebstormProjects\\oopjshw1\\src\\js\\Character.js","statementMap":{"0":{"start":{"line":3,"column":8},"end":{"line":5,"column":57}},"1":{"start":{"line":4,"column":12},"end":{"line":4,"column":29}},"2":{"start":{"line":5,"column":15},"end":{"line":5,"column":56}},"3":{"start":{"line":7,"column":8},"end":{"line":9,"column":58}},"4":{"start":{"line":8,"column":12},"end":{"line":8,"column":29}},"5":{"start":{"line":9,"column":15},"end":{"line":9,"column":57}},"6":{"start":{"line":10,"column":8},"end":{"line":10,"column":26}},"7":{"start":{"line":11,"column":8},"end":{"line":11,"column":23}},"8":{"start":{"line":12,"column":8},"end":{"line":12,"column":33}},"9":{"start":{"line":13,"column":8},"end":{"line":13,"column":32}},"10":{"start":{"line":17,"column":8},"end":{"line":22,"column":65}},"11":{"start":{"line":18,"column":12},"end":{"line":18,"column":25}},"12":{"start":{"line":19,"column":12},"end":{"line":19,"column":44}},"13":{"start":{"line":20,"column":12},"end":{"line":20,"column":46}},"14":{"start":{"line":21,"column":12},"end":{"line":21,"column":30}},"15":{"start":{"line":22,"column":15},"end":{"line":22,"column":64}},"16":{"start":{"line":26,"column":8},"end":{"line":28,"column":81}},"17":{"start":{"line":27,"column":12},"end":{"line":27,"column":61}},"18":{"start":{"line":28,"column":14},"end":{"line":28,"column":80}}},"fnMap":{"0":{"name":"(anonymous_0)","decl":{"start":{"line":2,"column":4},"end":{"line":2,"column":5}},"loc":{"start":{"line":2,"column":28},"end":{"line":14,"column":5}},"line":2},"1":{"name":"(anonymous_1)","decl":{"start":{"line":16,"column":4},"end":{"line":16,"column":5}},"loc":{"start":{"line":16,"column":13},"end":{"line":23,"column":5}},"line":16},"2":{"name":"(anonymous_2)","decl":{"start":{"line":25,"column":4},"end":{"line":25,"column":5}},"loc":{"start":{"line":25,"column":18},"end":{"line":29,"column":5}},"line":25}},"branchMap":{"0":{"loc":{"start":{"line":3,"column":8},"end":{"line":5,"column":57}},"type":"if","locations":[{"start":{"line":3,"column":8},"end":{"line":5,"column":57}},{"start":{"line":5,"column":14},"end":{"line":5,"column":57}}],"line":3},"1":{"loc":{"start":{"line":3,"column":11},"end":{"line":3,"column":73}},"type":"binary-expr","locations":[{"start":{"line":3,"column":11},"end":{"line":3,"column":26}},{"start":{"line":3,"column":30},"end":{"line":3,"column":46}},{"start":{"line":3,"column":50},"end":{"line":3,"column":73}}],"line":3},"2":{"loc":{"start":{"line":7,"column":8},"end":{"line":9,"column":58}},"type":"if","locations":[{"start":{"line":7,"column":8},"end":{"line":9,"column":58}},{"start":{"line":9,"column":14},"end":{"line":9,"column":58}}],"line":7},"3":{"loc":{"start":{"line":17,"column":8},"end":{"line":22,"column":65}},"type":"if","locations":[{"start":{"line":17,"column":8},"end":{"line":22,"column":65}},{"start":{"line":22,"column":14},"end":{"line":22,"column":65}}],"line":17},"4":{"loc":{"start":{"line":26,"column":8},"end":{"line":28,"column":81}},"type":"if","locations":[{"start":{"line":26,"column":8},"end":{"line":28,"column":81}},{"start":{"line":28,"column":13},"end":{"line":28,"column":81}}],"line":26}},"s":{"0":10,"1":9,"2":1,"3":9,"4":8,"5":1,"6":8,"7":8,"8":8,"9":8,"10":4,"11":3,"12":3,"13":3,"14":3,"15":1,"16":4,"17":3,"18":1},"f":{"0":10,"1":4,"2":4},"b":{"0":[9,1],"1":[10,10,9],"2":[8,1],"3":[3,1],"4":[3,1]},"_coverageSchema":"1a1c01bbd47fc00a2c39e90264f33305004495a9","hash":"a10319b7ed346bf774afb940df850dd292420119"}
,"C:\\Users\\Administrator\\WebstormProjects\\oopjshw1\\src\\js\\Daemon.js": {"path":"C:\\Users\\Administrator\\WebstormProjects\\oopjshw1\\src\\js\\Daemon.js","statementMap":{"0":{"start":{"line":5,"column":8},"end":{"line":5,"column":23}},"1":{"start":{"line":6,"column":8},"end":{"line":6,"column":25}},"2":{"start":{"line":7,"column":8},"end":{"line":7,"column":26}}},"fnMap":{"0":{"name":"(anonymous_0)","decl":{"start":{"line":4,"column":4},"end":{"line":4,"column":5}},"loc":{"start":{"line":4,"column":25},"end":{"line":8,"column":5}},"line":4}},"branchMap":{},"s":{"0":1,"1":1,"2":1},"f":{"0":1},"b":{},"_coverageSchema":"1a1c01bbd47fc00a2c39e90264f33305004495a9","hash":"ca2f661d57b0e8027331dbca0c9ede8fdbe67be3"}
,"C:\\Users\\Administrator\\WebstormProjects\\oopjshw1\\src\\js\\Magician.js": {"path":"C:\\Users\\Administrator\\WebstormProjects\\oopjshw1\\src\\js\\Magician.js","statementMap":{"0":{"start":{"line":5,"column":8},"end":{"line":5,"column":23}},"1":{"start":{"line":6,"column":8},"end":{"line":6,"column":25}},"2":{"start":{"line":7,"column":8},"end":{"line":7,"column":26}}},"fnMap":{"0":{"name":"(anonymous_0)","decl":{"start":{"line":4,"column":4},"end":{"line":4,"column":5}},"loc":{"start":{"line":4,"column":25},"end":{"line":8,"column":5}},"line":4}},"branchMap":{},"s":{"0":1,"1":1,"2":1},"f":{"0":1},"b":{},"_coverageSchema":"1a1c01bbd47fc00a2c39e90264f33305004495a9","hash":"cd56f44f04f63d16f41cafef7bb064f074fc4a0f"}
,"C:\\Users\\Administrator\\WebstormProjects\\oopjshw1\\src\\js\\Swordsman.js": {"path":"C:\\Users\\Administrator\\WebstormProjects\\oopjshw1\\src\\js\\Swordsman.js","statementMap":{"0":{"start":{"line":5,"column":8},"end":{"line":5,"column":23}},"1":{"start":{"line":6,"column":8},"end":{"line":6,"column":25}},"2":{"start":{"line":7,"column":8},"end":{"line":7,"column":26}}},"fnMap":{"0":{"name":"(anonymous_0)","decl":{"start":{"line":4,"column":4},"end":{"line":4,"column":5}},"loc":{"start":{"line":4,"column":25},"end":{"line":8,"column":5}},"line":4}},"branchMap":{},"s":{"0":1,"1":1,"2":1},"f":{"0":1},"b":{},"_coverageSchema":"1a1c01bbd47fc00a2c39e90264f33305004495a9","hash":"447131e41bc86c7b96bd02032e29b2c06e8b318a"}
,"C:\\Users\\Administrator\\WebstormProjects\\oopjshw1\\src\\js\\Undead.js": {"path":"C:\\Users\\Administrator\\WebstormProjects\\oopjshw1\\src\\js\\Undead.js","statementMap":{"0":{"start":{"line":5,"column":8},"end":{"line":5,"column":23}},"1":{"start":{"line":6,"column":8},"end":{"line":6,"column":25}},"2":{"start":{"line":7,"column":8},"end":{"line":7,"column":26}}},"fnMap":{"0":{"name":"(anonymous_0)","decl":{"start":{"line":4,"column":4},"end":{"line":4,"column":5}},"loc":{"start":{"line":4,"column":25},"end":{"line":8,"column":5}},"line":4}},"branchMap":{},"s":{"0":1,"1":1,"2":1},"f":{"0":1},"b":{},"_coverageSchema":"1a1c01bbd47fc00a2c39e90264f33305004495a9","hash":"17d76a5210e9fe443a71f6d2078a457a784a7b97"}
,"C:\\Users\\Administrator\\WebstormProjects\\oopjshw1\\src\\js\\Zombie.js": {"path":"C:\\Users\\Administrator\\WebstormProjects\\oopjshw1\\src\\js\\Zombie.js","statementMap":{"0":{"start":{"line":5,"column":8},"end":{"line":5,"column":23}},"1":{"start":{"line":6,"column":8},"end":{"line":6,"column":25}},"2":{"start":{"line":7,"column":8},"end":{"line":7,"column":26}}},"fnMap":{"0":{"name":"(anonymous_0)","decl":{"start":{"line":4,"column":4},"end":{"line":4,"column":5}},"loc":{"start":{"line":4,"column":25},"end":{"line":8,"column":5}},"line":4}},"branchMap":{},"s":{"0":1,"1":1,"2":1},"f":{"0":1},"b":{},"_coverageSchema":"1a1c01bbd47fc00a2c39e90264f33305004495a9","hash":"0ad53f3e52c0c2c6428eec63569f8ffe9c02554d"}
}
